2022-08-02T17:59:24.148723+00:00 app[web.1]: [['0', '0', '0', '0', '*', '#', '0', '0', '0', '0', '0'], ['0', '0', '0', '0', '0', '#', '0', '0', '0', '0', '0'], ['0', '0', '0', '0', '0', '0', '0', '0', '0', '0', '0'], ['0', '0', '0', '0', '0', '0', '0', '0', '0', '0', '0'], ['*', '0', '0', '0', '0', '0', '0', '0', '0', '0', '*'], ['0', '#', '0', '0', '0', '*', '0', '0', '0', '#', '0'], ['0', '#', '0', '0', '0', '0', '0', '0', '0', '&', '0'], ['0', '0', '0', '0', '0', '0', '0', '0', '0', '0', '0'], ['0', '0', '0', '0', '0', '0', '0', '0', '0', '0', '0'], ['0', '0', '0', '0', '#', '#', '0', '0', '0', '0', '0'], ['0', '0', '0', '0', '*', '0', '0', '0', '0', '0', '0']]
2022-08-02T17:59:24.151551+00:00 app[web.1]: [('left', 57), ('up', 44), ('right', 12), ('down', 0)]
2022-08-02T17:59:24.151555+00:00 app[web.1]: b9a45a4b-d119-4d26-9361-c6bfcd371a38 MOVE 1: up picked from all valid options in ['left', 'right', 'up']
2022-08-02T17:59:24.152498+00:00 heroku[router]: at=info method=POST path="/move" host=battlesnake-summer.herokuapp.com request_id=a7b39b71-f22a-44dd-bee8-831c0ac2736c fwd="143.198.42.44" dyno=web.1 connect=0ms service=5ms status=200 bytes=235 protocol=https
2022-08-02T17:59:24.313019+00:00 app[web.1]: [['0', '0', '0', '0', '#', '#', '0', '0', '0', '0', '0'], ['0', '0', '0', '0', '0', '#', '0', '0', '0', '0', '0'], ['0', '0', '0', '0', '0', '0', '0', '0', '0', '0', '0'], ['0', '0', '0', '0', '0', '0', '0', '0', '0', '0', '0'], ['*', '0', '0', '0', '0', '0', '0', '0', '0', '0', '*'], ['0', '#', '0', '0', '0', '*', '0', '0', '0', '#', '0'], ['#', '#', '0', '0', '0', '0', '0', '0', '&', '#', '0'], ['0', '0', '0', '0', '0', '0', '0', '0', '0', '0', '0'], ['0', '0', '0', '0', '0', '0', '0', '0', '0', '0', '0'], ['0', '0', '0', '0', '#', '#', '0', '0', '0', '0', '0'], ['0', '0', '0', '0', '#', '0', '0', '0', '0', '0', '0']]
2022-08-02T17:59:24.318120+00:00 app[web.1]: [('down', 60), ('up', 43), ('left', 6), ('right', 0)]
2022-08-02T17:59:24.318180+00:00 app[web.1]: b9a45a4b-d119-4d26-9361-c6bfcd371a38 MOVE 2: left picked from all valid options in ['down', 'left', 'up']
2022-08-02T17:59:24.319334+00:00 heroku[router]: at=info method=POST path="/move" host=battlesnake-summer.herokuapp.com request_id=797d5f41-4002-4897-be3b-4db875232f82 fwd="143.198.42.44" dyno=web.1 connect=0ms service=8ms status=200 bytes=235 protocol=https
2022-08-02T17:59:24.456659+00:00 app[web.1]: [['0', '0', '0', '#', '#', '#', '0', '0', '0', '0', '0'], ['0', '0', '0', '0', '0', '#', '0', '0', '0', '0', '0'], ['0', '0', '0', '0', '0', '0', '0', '0', '0', '0', '0'], ['0', '0', '0', '0', '0', '0', '0', '0', '0', '0', '0'], ['*', '0', '0', '0', '0', '0', '0', '0', '0', '0', '*'], ['#', '0', '0', '0', '0', '*', '0', '0', '&', '0', '0'], ['#', '#', '0', '0', '0', '0', '0', '0', '#', '#', '0'], ['0', '0', '0', '0', '0', '0', '0', '0', '0', '0', '0'], ['0', '0', '0', '0', '0', '0', '0', '0', '0', '0', '0'], ['0', '0', '0', '0', '#', '#', '0', '0', '0', '0', '0'], ['0', '0', '0', '0', '#', '#', '0', '0', '0', '0', '0']]
2022-08-02T17:59:24.459440+00:00 app[web.1]: [('down', 51), ('left', 45), ('right', 11), ('up', 0)]
2022-08-02T17:59:24.459457+00:00 app[web.1]: b9a45a4b-d119-4d26-9361-c6bfcd371a38 MOVE 3: down picked from all valid options in ['right', 'left', 'down']
2022-08-02T17:59:24.460384+00:00 heroku[router]: at=info method=POST path="/move" host=battlesnake-summer.herokuapp.com request_id=e3e8d7ea-61ff-451b-8d04-a85d411413bc fwd="143.198.42.44" dyno=web.1 connect=0ms service=5ms status=200 bytes=235 protocol=https
2022-08-02T17:59:24.622334+00:00 app[web.1]: [['0', '0', '0', '#', '#', '#', '0', '0', '0', '0', '0'], ['0', '0', '0', '#', '0', '0', '0', '0', '0', '0', '0'], ['0', '0', '0', '0', '0', '0', '0', '0', '0', '0', '0'], ['0', '0', '0', '0', '0', '0', '0', '0', '0', '0', '0'], ['#', '0', '0', '0', '0', '0', '0', '0', '&', '0', '*'], ['#', '0', '0', '0', '0', '*', '0', '0', '#', '0', '0'], ['#', '0', '0', '0', '0', '0', '0', '0', '#', '0', '0'], ['0', '0', '0', '0', '0', '0', '0', '0', '0', '0', '0'], ['0', '0', '0', '0', '0', '0', '0', '0', '*', '0', '0'], ['0', '0', '0', '0', '#', '0', '0', '0', '0', '0', '0'], ['0', '0', '0', '0', '#', '#', '#', '0', '0', '0', '0']]
2022-08-02T17:59:24.625198+00:00 app[web.1]: [('left', 49), ('down', 40), ('right', 18), ('up', 0)]
2022-08-02T17:59:24.625224+00:00 app[web.1]: b9a45a4b-d119-4d26-9361-c6bfcd371a38 MOVE 4: down picked from all valid options in ['left', 'right', 'down']
2022-08-02T17:59:24.626165+00:00 heroku[router]: at=info method=POST path="/move" host=battlesnake-summer.herokuapp.com request_id=d3fe08d4-20ff-48e7-870d-9984eb311661 fwd="143.198.42.44" dyno=web.1 connect=0ms service=5ms status=200 bytes=235 protocol=https
2022-08-02T17:59:24.760364+00:00 app[web.1]: [['0', '0', '0', '#', '#', '0', '0', '0', '0', '0', '0'], ['0', '0', '0', '#', '#', '0', '0', '0', '0', '0', '0'], ['0', '0', '0', '0', '0', '0', '0', '0', '0', '0', '0'], ['#', '0', '0', '0', '0', '0', '0', '0', '0', '0', '0'], ['#', '0', '0', '0', '0', '0', '0', '&', '#', '0', '*'], ['#', '0', '0', '0', '0', '*', '0', '0', '#', '0', '0'], ['#', '0', '0', '0', '0', '0', '0', '0', '0', '0', '0'], ['0', '0', '0', '0', '0', '0', '0', '0', '0', '0', '0'], ['0', '0', '0', '0', '0', '0', '0', '0', '*', '0', '0'], ['0', '0', '0', '0', '0', '0', '0', '0', '0', '0', '0'], ['0', '0', '0', '0', '#', '#', '#', '#', '0', '0', '0']]
2022-08-02T17:59:24.762945+00:00 app[web.1]: [('up', 59), ('down', 41), ('left', 6), ('right', 0)]
2022-08-02T17:59:24.762970+00:00 app[web.1]: b9a45a4b-d119-4d26-9361-c6bfcd371a38 MOVE 5: down picked from all valid options in ['up', 'left', 'down']
2022-08-02T17:59:24.763922+00:00 heroku[router]: at=info method=POST path="/move" host=battlesnake-summer.herokuapp.com request_id=07c3edd5-ca72-485e-9cd1-e6b7f98eff5b fwd="143.198.42.44" dyno=web.1 connect=0ms service=4ms status=200 bytes=233 protocol=https
2022-08-02T17:59:24.912217+00:00 app[web.1]: [['0', '0', '0', '#', '0', '0', '0', '0', '0', '0', '0'], ['0', '0', '0', '#', '#', '#', '0', '0', '0', '0', '0'], ['#', '0', '0', '0', '0', '0', '0', '0', '0', '0', '0'], ['#', '0', '0', '0', '0', '0', '0', '0', '0', '0', '0'], ['#', '0', '0', '0', '0', '0', '0', '#', '#', '0', '*'], ['#', '0', '0', '0', '0', '*', '0', '&', '0', '0', '0'], ['0', '0', '0', '0', '0', '0', '0', '0', '0', '0', '0'], ['0', '0', '0', '0', '0', '0', '0', '0', '0', '0', '0'], ['0', '0', '0', '0', '0', '0', '0', '0', '*', '0', '0'], ['0', '0', '0', '0', '0', '0', '0', '0', '0', '0', '0'], ['0', '0', '0', '0', '0', '#', '#', '#', '#', '0', '0']]
2022-08-02T17:59:24.915002+00:00 app[web.1]: [('up', 51), ('left', 38), ('right', 17), ('down', 0)]
2022-08-02T17:59:24.915027+00:00 app[web.1]: b9a45a4b-d119-4d26-9361-c6bfcd371a38 MOVE 6: right picked from all valid options in ['right', 'left', 'up']
2022-08-02T17:59:24.916035+00:00 heroku[router]: at=info method=POST path="/move" host=battlesnake-summer.herokuapp.com request_id=b3422c7f-3cb7-4444-ac94-59dd32e165a9 fwd="143.198.42.44" dyno=web.1 connect=0ms service=6ms status=200 bytes=233 protocol=https
2022-08-02T17:59:25.048339+00:00 app[web.1]: [['0', '0', '0', '0', '0', '0', '0', '0', '0', '0', '0'], ['#', '0', '0', '#', '#', '#', '0', '0', '0', '0', '0'], ['#', '0', '0', '0', '0', '#', '0', '0', '0', '0', '0'], ['#', '0', '0', '0', '0', '0', '0', '0', '0', '0', '0'], ['#', '0', '0', '0', '0', '0', '0', '#', '0', '0', '*'], ['0', '0', '0', '0', '0', '*', '0', '#', '0', '0', '0'], ['0', '0', '0', '0', '0', '0', '0', '&', '0', '0', '0'], ['0', '0', '0', '0', '0', '0', '0', '0', '0', '0', '0'], ['0', '0', '0', '0', '0', '0', '0', '0', '*', '0', '0'], ['0', '0', '0', '0', '0', '0', '0', '0', '#', '0', '0'], ['0', '0', '0', '0', '0', '0', '#', '#', '#', '0', '0']]
2022-08-02T17:59:25.051019+00:00 app[web.1]: [('left', 41), ('up', 40), ('right', 25), ('down', 0)]
2022-08-02T17:59:25.051031+00:00 app[web.1]: b9a45a4b-d119-4d26-9361-c6bfcd371a38 MOVE 7: up picked from all valid options in ['left', 'right', 'up']
2022-08-02T17:59:25.052152+00:00 heroku[router]: at=info method=POST path="/move" host=battlesnake-summer.herokuapp.com request_id=1ee34f85-8f8d-43c0-88a8-633ba82e9ae0 fwd="143.198.42.44" dyno=web.1 connect=0ms service=5ms status=200 bytes=235 protocol=https
2022-08-02T17:59:25.197092+00:00 app[web.1]: [['#', '0', '0', '0', '0', '0', '0', '0', '0', '0', '0'], ['#', '0', '0', '0', '#', '#', '0', '0', '0', '0', '0'], ['#', '0', '0', '0', '0', '#', '0', '0', '0', '0', '0'], ['#', '0', '0', '0', '0', '#', '0', '0', '0', '0', '0'], ['0', '0', '0', '0', '0', '0', '0', '0', '0', '0', '*'], ['0', '0', '0', '0', '0', '*', '0', '#', '0', '0', '0'], ['0', '0', '0', '0', '0', '0', '&', '#', '0', '0', '0'], ['0', '0', '0', '0', '0', '0', '0', '0', '0', '0', '0'], ['0', '0', '0', '0', '0', '0', '0', '0', '#', '0', '0'], ['0', '0', '0', '0', '0', '0', '0', '0', '#', '0', '0'], ['0', '0', '0', '0', '0', '0', '0', '#', '#', '0', '0']]
2022-08-02T17:59:25.199880+00:00 app[web.1]: [('down', 54), ('up', 46), ('left', 6), ('right', 0)]
2022-08-02T17:59:25.199908+00:00 app[web.1]: b9a45a4b-d119-4d26-9361-c6bfcd371a38 MOVE 8: down picked from all valid options in ['down', 'left', 'up']
2022-08-02T17:59:25.200944+00:00 heroku[router]: at=info method=POST path="/move" host=battlesnake-summer.herokuapp.com request_id=380f321d-d08e-4a80-a04d-13bb1333274f fwd="143.198.42.44" dyno=web.1 connect=0ms service=5ms status=200 bytes=235 protocol=https
2022-08-02T17:59:25.343568+00:00 app[web.1]: [['#', '#', '0', '0', '0', '0', '0', '0', '0', '0', '0'], ['#', '0', '0', '0', '0', '#', '0', '0', '0', '0', '0'], ['#', '0', '0', '0', '0', '#', '0', '0', '0', '0', '0'], ['0', '0', '0', '0', '0', '#', '0', '0', '0', '0', '0'], ['0', '0', '0', '0', '0', '#', '0', '0', '0', '0', '*'], ['0', '0', '0', '0', '0', '*', '&', '0', '0', '0', '0'], ['0', '0', '0', '0', '0', '0', '#', '#', '0', '0', '0'], ['0', '0', '0', '0', '0', '0', '0', '0', '0', '0', '0'], ['0', '0', '0', '0', '0', '0', '0', '0', '#', '#', '0'], ['0', '0', '0', '0', '0', '0', '0', '0', '#', '0', '0'], ['0', '0', '0', '0', '0', '0', '0', '#', '#', '0', '0']]
2022-08-02T17:59:25.346702+00:00 app[web.1]: [('left', 58), ('down', 29), ('right', 18), ('up', 0)]
2022-08-02T17:59:25.346731+00:00 app[web.1]: b9a45a4b-d119-4d26-9361-c6bfcd371a38 MOVE 9: down picked from all valid options in ['right', 'left', 'down']
2022-08-02T17:59:25.347818+00:00 heroku[router]: at=info method=POST path="/move" host=battlesnake-summer.herokuapp.com request_id=49bba3df-566b-47ff-8c4b-a71852c81aee fwd="143.198.42.44" dyno=web.1 connect=0ms service=5ms status=200 bytes=235 protocol=https
2022-08-02T17:59:43.346726+00:00 app[web.1]: b9a45a4b-d119-4d26-9361-c6bfcd371a38 END
2022-08-02T17:59:43.347643+00:00 heroku[router]: at=info method=POST path="/end" host=battlesnake-summer.herokuapp.com request_id=4445e889-2c30-4260-bcb5-da94d43a9929 fwd="143.198.42.44" dyno=web.1 connect=0ms service=2ms status=200 bytes=223 protocol=https
2022-08-02T18:00:32.107847+00:00 app[web.1]: 0fb10b2d-ffe0-4683-a1e3-6d629c7cf0ba START
2022-08-02T18:00:32.108763+00:00 heroku[router]: at=info method=POST path="/start" host=battlesnake-summer.herokuapp.com request_id=3847a5de-23ed-4e97-9e6a-9a8cbf821a06 fwd="143.198.42.44" dyno=web.1 connect=0ms service=2ms status=200 bytes=223 protocol=https
2022-08-02T18:00:32.254714+00:00 app[web.1]: [['0', '0', '0', '0', '0', '0', '*', '0', '0', '0', '0'], ['0', '0', '0', '0', '0', '#', '0', '0', '0', '0', '0'], ['0', '0', '0', '0', '0', '0', '0', '0', '0', '0', '0'], ['0', '0', '0', '0', '0', '0', '0', '0', '0', '0', '0'], ['*', '0', '0', '0', '0', '0', '0', '0', '0', '0', '0'], ['0', '&', '0', '0', '0', '*', '0', '0', '0', '#', '0'], ['0', '0', '0', '0', '0', '0', '0', '0', '0', '0', '*'], ['0', '0', '0', '0', '0', '0', '0', '0', '0', '0', '0'], ['0', '0', '0', '0', '0', '0', '0', '0', '0', '0', '0'], ['0', '0', '0', '0', '0', '#', '0', '0', '0', '0', '0'], ['0', '0', '0', '0', '*', '0', '0', '0', '0', '0', '0']]
2022-08-02T18:00:32.258035+00:00 app[web.1]: [('up', 55), ('down', 54), ('right', 7), ('left', 1)]
2022-08-02T18:00:32.258066+00:00 app[web.1]: 0fb10b2d-ffe0-4683-a1e3-6d629c7cf0ba MOVE 0: down picked from all valid options in ['left', 'right', 'up', 'down']
2022-08-02T18:00:32.259219+00:00 heroku[router]: at=info method=POST path="/move" host=battlesnake-summer.herokuapp.com request_id=3b68fa92-4c83-4a5c-8c5d-c02512b3886f fwd="143.198.42.44" dyno=web.1 connect=0ms service=5ms status=200 bytes=233 protocol=https
2022-08-02T18:00:32.397773+00:00 app[web.1]: [['0', '0', '0', '0', '0', '#', '*', '0', '0', '0', '0'], ['0', '0', '0', '0', '0', '#', '0', '0', '0', '0', '0'], ['0', '0', '0', '0', '0', '0', '0', '0', '0', '0', '0'], ['0', '0', '0', '0', '0', '0', '0', '0', '0', '0', '0'], ['*', '0', '0', '0', '0', '0', '0', '0', '0', '0', '0'], ['0', '#', '0', '0', '0', '*', '0', '0', '0', '#', '#'], ['0', '&', '0', '0', '0', '0', '0', '0', '0', '0', '*'], ['0', '0', '0', '0', '0', '0', '0', '0', '0', '0', '0'], ['0', '0', '0', '0', '0', '0', '0', '0', '0', '0', '0'], ['0', '0', '0', '0', '0', '#', '0', '0', '0', '0', '*'], ['0', '0', '0', '0', '*', '#', '0', '0', '0', '0', '0']]
2022-08-02T18:00:32.400834+00:00 app[web.1]: [('right', 64), ('up', 42), ('left', 7), ('down', 0)]
2022-08-02T18:00:32.400863+00:00 app[web.1]: 0fb10b2d-ffe0-4683-a1e3-6d629c7cf0ba MOVE 1: up picked from all valid options in ['left', 'right', 'up']
2022-08-02T18:00:32.401931+00:00 heroku[router]: at=info method=POST path="/move" host=battlesnake-summer.herokuapp.com request_id=124b7e31-fce5-4df1-abca-2ca4d17c68fb fwd="143.198.42.44" dyno=web.1 connect=0ms service=5ms status=200 bytes=236 protocol=https
2022-08-02T18:00:32.541134+00:00 app[web.1]: [['0', '0', '0', '0', '0', '#', '#', '0', '0', '0', '0'], ['0', '0', '0', '0', '0', '#', '0', '0', '0', '0', '0'], ['0', '0', '0', '0', '0', '0', '0', '0', '0', '0', '0'], ['0', '0', '0', '0', '0', '0', '0', '0', '0', '0', '0'], ['*', '0', '0', '0', '0', '0', '0', '0', '0', '0', '0'], ['0', '#', '0', '0', '0', '*', '0', '0', '0', '#', '#'], ['0', '#', '&', '0', '0', '0', '0', '0', '0', '0', '#'], ['0', '0', '0', '0', '0', '0', '0', '0', '0', '0', '0'], ['0', '0', '0', '0', '0', '0', '0', '0', '0', '0', '0'], ['0', '0', '0', '0', '0', '#', '0', '0', '0', '0', '*'], ['0', '0', '0', '0', '#', '#', '0', '0', '0', '0', '0']]
2022-08-02T18:00:32.545412+00:00 app[web.1]: [('down', 59), ('up', 43), ('right', 7), ('left', 0)]
2022-08-02T18:00:32.545487+00:00 app[web.1]: 0fb10b2d-ffe0-4683-a1e3-6d629c7cf0ba MOVE 2: right picked from all valid options in ['down', 'right', 'up']
2022-08-02T18:00:32.546863+00:00 heroku[router]: at=info method=POST path="/move" host=battlesnake-summer.herokuapp.com request_id=cd4672ee-c77d-45cb-8b1c-4f8336048de2 fwd="143.198.42.44" dyno=web.1 connect=0ms service=6ms status=200 bytes=235 protocol=https
2022-08-02T18:00:32.683583+00:00 app[web.1]: [['0', '0', '0', '0', '0', '#', '#', '0', '0', '0', '0'], ['0', '0', '0', '0', '0', '#', '#', '0', '0', '0', '0'], ['0', '0', '0', '0', '0', '0', '0', '0', '0', '0', '0'], ['0', '0', '0', '0', '0', '0', '0', '0', '0', '0', '0'], ['*', '0', '0', '0', '0', '0', '0', '0', '0', '0', '0'], ['0', '0', '&', '0', '0', '*', '0', '0', '0', '#', '#'], ['0', '#', '#', '0', '0', '0', '0', '0', '0', '0', '#'], ['0', '0', '0', '0', '0', '0', '0', '0', '0', '0', '#'], ['0', '0', '0', '0', '0', '0', '0', '0', '0', '0', '0'], ['0', '0', '0', '0', '#', '#', '0', '0', '0', '0', '*'], ['0', '0', '0', '0', '#', '#', '0', '0', '0', '0', '0']]
2022-08-02T18:00:32.686199+00:00 app[web.1]: [('down', 51), ('right', 48), ('left', 7), ('up', 0)]
2022-08-02T18:00:32.686206+00:00 app[web.1]: 0fb10b2d-ffe0-4683-a1e3-6d629c7cf0ba MOVE 3: down picked from all valid options in ['left', 'right', 'down']
2022-08-02T18:00:32.687342+00:00 heroku[router]: at=info method=POST path="/move" host=battlesnake-summer.herokuapp.com request_id=12e32ef0-ca71-4469-ac59-96ebf22c6c20 fwd="143.198.42.44" dyno=web.1 connect=0ms service=5ms status=200 bytes=235 protocol=https
2022-08-02T18:00:32.821891+00:00 app[web.1]: [['0', '0', '0', '0', '0', '#', '#', '0', '0', '0', '0'], ['0', '0', '0', '0', '0', '0', '#', '#', '0', '0', '0'], ['0', '0', '0', '0', '0', '0', '0', '0', '0', '0', '0'], ['0', '0', '0', '0', '0', '0', '0', '0', '0', '0', '0'], ['*', '0', '&', '0', '0', '0', '0', '0', '0', '0', '0'], ['0', '0', '#', '0', '0', '*', '0', '0', '0', '0', '#'], ['0', '0', '#', '0', '0', '0', '0', '0', '0', '0', '#'], ['0', '0', '0', '0', '0', '0', '0', '0', '0', '0', '#'], ['0', '0', '0', '0', '0', '0', '0', '0', '0', '0', '#'], ['0', '0', '0', '0', '#', '#', '0', '0', '0', '0', '*'], ['0', '0', '0', '0', '#', '#', '0', '0', '0', '0', '0']]
2022-08-02T18:00:32.824528+00:00 app[web.1]: [('right', 52), ('down', 40), ('left', 14), ('up', 0)]
2022-08-02T18:00:32.824549+00:00 app[web.1]: 0fb10b2d-ffe0-4683-a1e3-6d629c7cf0ba MOVE 4: down picked from all valid options in ['left', 'right', 'down']
2022-08-02T18:00:32.825459+00:00 heroku[router]: at=info method=POST path="/move" host=battlesnake-summer.herokuapp.com request_id=99058e7f-d335-49a1-b194-f2c8ad4b146b fwd="143.198.42.44" dyno=web.1 connect=0ms service=4ms status=200 bytes=236 protocol=https
2022-08-02T18:00:33.000304+00:00 app[web.1]: [['0', '0', '0', '0', '0', '0', '#', '0', '0', '0', '0'], ['0', '0', '0', '0', '0', '0', '#', '#', '0', '0', '0'], ['0', '0', '0', '0', '0', '0', '0', '#', '0', '0', '0'], ['0', '0', '0', '0', '0', '0', '0', '0', '0', '0', '0'], ['*', '0', '#', '&', '0', '0', '0', '0', '0', '0', '0'], ['0', '0', '#', '0', '0', '*', '0', '0', '0', '0', '0'], ['0', '0', '0', '0', '0', '0', '0', '0', '0', '0', '#'], ['0', '0', '0', '0', '0', '0', '0', '0', '0', '0', '#'], ['0', '0', '0', '0', '0', '0', '0', '0', '0', '0', '#'], ['0', '0', '0', '0', '#', '#', '0', '0', '0', '0', '#'], ['0', '0', '0', '0', '#', '#', '0', '0', '0', '0', '0']]
2022-08-02T18:00:33.002940+00:00 app[web.1]: [('up', 57), ('down', 42), ('right', 7), ('left', 0)]
2022-08-02T18:00:33.002976+00:00 app[web.1]: 0fb10b2d-ffe0-4683-a1e3-6d629c7cf0ba MOVE 5: down picked from all valid options in ['up', 'right', 'down']
2022-08-02T18:00:33.004011+00:00 heroku[router]: at=info method=POST path="/move" host=battlesnake-summer.herokuapp.com request_id=720c4b3e-5754-49db-b37c-43b8bc65ccc6 fwd="143.198.42.44" dyno=web.1 connect=0ms service=4ms status=200 bytes=233 protocol=https
2022-08-02T18:00:33.139942+00:00 app[web.1]: [['0', '0', '0', '0', '0', '0', '0', '0', '0', '0', '0'], ['0', '0', '0', '0', '0', '*', '#', '#', '0', '0', '0'], ['0', '0', '0', '0', '0', '0', '0', '#', '0', '0', '0'], ['0', '0', '0', '0', '0', '0', '0', '#', '0', '0', '0'], ['*', '0', '#', '#', '0', '0', '0', '0', '0', '0', '0'], ['0', '0', '0', '&', '0', '*', '0', '0', '0', '0', '0'], ['0', '0', '0', '0', '0', '0', '0', '0', '0', '0', '#'], ['0', '0', '0', '0', '0', '0', '0', '0', '0', '0', '#'], ['0', '0', '0', '0', '0', '0', '0', '0', '0', '0', '#'], ['0', '0', '0', '0', '#', '#', '0', '0', '0', '#', '#'], ['0', '0', '0', '0', '#', '#', '0', '0', '0', '0', '0']]
2022-08-02T18:00:33.142544+00:00 app[web.1]: [('right', 46), ('up', 46), ('left', 13), ('down', 0)]
2022-08-02T18:00:33.142550+00:00 app[web.1]: 0fb10b2d-ffe0-4683-a1e3-6d629c7cf0ba MOVE 6: right picked from all valid options in ['left', 'right', 'up']
2022-08-02T18:00:33.143553+00:00 heroku[router]: at=info method=POST path="/move" host=battlesnake-summer.herokuapp.com request_id=f889b7e6-bff8-489d-9e86-d004c29f6333 fwd="143.198.42.44" dyno=web.1 connect=0ms service=5ms status=200 bytes=236 protocol=https
2022-08-02T18:00:33.288393+00:00 app[web.1]: [['0', '0', '0', '0', '0', '0', '0', '0', '0', '0', '0'], ['0', '0', '0', '0', '0', '*', '0', '#', '0', '0', '0'], ['0', '0', '0', '0', '0', '0', '0', '#', '0', '0', '0'], ['0', '0', '0', '0', '0', '0', '0', '#', '0', '0', '0'], ['*', '0', '0', '#', '0', '0', '0', '#', '0', '0', '0'], ['0', '0', '0', '#', '&', '*', '0', '0', '0', '0', '0'], ['0', '0', '0', '0', '0', '0', '0', '0', '0', '0', '0'], ['0', '0', '0', '0', '0', '0', '0', '0', '0', '0', '#'], ['0', '0', '0', '0', '0', '0', '0', '0', '0', '0', '#'], ['0', '0', '0', '0', '#', '#', '0', '0', '#', '#', '#'], ['0', '0', '0', '0', '#', '#', '0', '0', '0', '0', '0']]
2022-08-02T18:00:33.291547+00:00 app[web.1]: [('up', 52), ('down', 35), ('right', 18), ('left', 0)]
2022-08-02T18:00:33.291572+00:00 app[web.1]: 0fb10b2d-ffe0-4683-a1e3-6d629c7cf0ba MOVE 7: down picked from all valid options in ['down', 'right', 'up']
2022-08-02T18:00:33.292589+00:00 heroku[router]: at=info method=POST path="/move" host=battlesnake-summer.herokuapp.com request_id=f7eb93d9-abfe-4140-95c2-cdceb644abc7 fwd="143.198.42.44" dyno=web.1 connect=0ms service=5ms status=200 bytes=233 protocol=https
2022-08-02T18:00:33.434898+00:00 app[web.1]: [['0', '0', '0', '0', '0', '0', '0', '0', '0', '0', '0'], ['0', '0', '0', '0', '0', '*', '0', '0', '0', '0', '0'], ['0', '0', '0', '0', '0', '0', '0', '#', '0', '0', '0'], ['0', '0', '0', '0', '0', '0', '0', '#', '0', '0', '0'], ['*', '0', '0', '0', '0', '0', '0', '#', '0', '0', '0'], ['0', '0', '0', '#', '#', '*', '0', '#', '0', '0', '0'], ['0', '0', '0', '0', '&', '0', '0', '0', '0', '0', '0'], ['0', '0', '0', '0', '0', '0', '0', '0', '0', '0', '0'], ['0', '0', '0', '0', '0', '0', '0', '0', '0', '0', '#'], ['0', '0', '0', '0', '#', '#', '0', '#', '#', '#', '#'], ['0', '0', '0', '0', '#', '#', '0', '0', '0', '0', '0']]
2022-08-02T18:00:33.437477+00:00 app[web.1]: [('right', 48), ('up', 35), ('left', 22), ('down', 0)]
2022-08-02T18:00:33.437503+00:00 app[web.1]: 0fb10b2d-ffe0-4683-a1e3-6d629c7cf0ba MOVE 8: left picked from all valid options in ['left', 'right', 'up']
2022-08-02T18:00:33.438628+00:00 heroku[router]: at=info method=POST path="/move" host=battlesnake-summer.herokuapp.com request_id=62ccc315-24ac-48da-b66b-0cf9dfd0bc15 fwd="143.198.42.44" dyno=web.1 connect=0ms service=4ms status=200 bytes=236 protocol=https
2022-08-02T18:00:33.571835+00:00 app[web.1]: [['0', '0', '0', '0', '0', '0', '0', '0', '0', '0', '0'], ['0', '0', '0', '0', '0', '*', '0', '0', '0', '0', '0'], ['0', '0', '0', '0', '0', '0', '0', '0', '0', '0', '0'], ['0', '0', '0', '0', '0', '0', '0', '#', '0', '0', '0'], ['*', '0', '0', '0', '0', '0', '0', '#', '0', '0', '0'], ['0', '0', '0', '0', '#', '*', '#', '#', '0', '0', '0'], ['0', '0', '0', '0', '#', '&', '0', '0', '0', '0', '0'], ['0', '0', '0', '0', '0', '0', '0', '0', '0', '0', '0'], ['0', '0', '0', '0', '0', '0', '0', '0', '0', '0', '0'], ['0', '0', '0', '0', '#', '#', '#', '#', '#', '#', '#'], ['0', '0', '0', '0', '#', '#', '0', '0', '0', '0', '0']]
2022-08-02T18:00:33.575279+00:00 app[web.1]: [('down', 48), ('up', 38), ('right', 14), ('left', 0)]
2022-08-02T18:00:33.575303+00:00 app[web.1]: 0fb10b2d-ffe0-4683-a1e3-6d629c7cf0ba MOVE 9: down picked from all valid options in ['down', 'right', 'up']
2022-08-02T18:00:33.576306+00:00 heroku[router]: at=info method=POST path="/move" host=battlesnake-summer.herokuapp.com request_id=1e22d269-a0a6-442a-a2c1-d74c0112a9f5 fwd="143.198.42.44" dyno=web.1 connect=0ms service=5ms status=200 bytes=235 protocol=https
2022-08-02T18:00:40.213666+00:00 app[web.1]: 0fb10b2d-ffe0-4683-a1e3-6d629c7cf0ba END
2022-08-02T18:00:40.214453+00:00 heroku[router]: at=info method=POST path="/end" host=battlesnake-summer.herokuapp.com request_id=52c43239-a35c-4ee9-9df7-4b829e30d250 fwd="143.198.42.44" dyno=web.1 connect=0ms service=1ms status=200 bytes=223 protocol=https
2022-08-02T18:35:43.688454+00:00 heroku[web.1]: Idling
2022-08-02T18:35:43.693775+00:00 heroku[web.1]: State changed from up to down
2022-08-02T18:35:44.297846+00:00 heroku[web.1]: Stopping all processes with SIGTERM
2022-08-02T18:35:44.500180+00:00 heroku[web.1]: Process exited with status 0
2022-08-04T00:57:44.000000+00:00 app[api]: Build started by user abdelmoniemmmh@gmail.com
2022-08-04T00:58:05.297607+00:00 app[api]: Release v36 created by user abdelmoniemmmh@gmail.com
2022-08-04T00:58:05.297607+00:00 app[api]: Deploy 9d89b78b by user abdelmoniemmmh@gmail.com
2022-08-04T00:58:05.577904+00:00 heroku[web.1]: State changed from down to starting
2022-08-04T00:58:08.971528+00:00 heroku[web.1]: Starting process with command `python src/main.py`
2022-08-04T00:58:10.563185+00:00 app[web.1]: 
2022-08-04T00:58:10.563203+00:00 app[web.1]: Running Battlesnake server at http://0.0.0.0:42302
2022-08-04T00:58:10.563426+00:00 app[web.1]: * Serving Flask app 'main' (lazy loading)
2022-08-04T00:58:10.563603+00:00 app[web.1]: * Environment: development
2022-08-04T00:58:10.563629+00:00 app[web.1]: * Debug mode: on
2022-08-04T00:58:10.714577+00:00 heroku[web.1]: State changed from starting to up
2022-08-04T00:58:10.770351+00:00 app[web.1]: 
2022-08-04T00:58:10.770357+00:00 app[web.1]: Running Battlesnake server at http://0.0.0.0:42302
2022-08-04T00:58:13.000000+00:00 app[api]: Build succeeded
2022-08-04T01:00:25.492400+00:00 heroku[router]: at=info method=POST path="/start" host=battlesnake-summer.herokuapp.com request_id=89cfeb75-3721-4c69-b2d2-5700ac2516c9 fwd="143.198.42.44" dyno=web.1 connect=0ms service=3ms status=200 bytes=223 protocol=https
2022-08-04T01:00:25.614293+00:00 heroku[router]: at=info method=POST path="/move" host=battlesnake-summer.herokuapp.com request_id=e3152a07-9e69-448b-b677-cc6aa008a35f fwd="143.198.42.44" dyno=web.1 connect=0ms service=16ms status=500 bytes=18221 protocol=https
2022-08-04T01:00:25.501910+00:00 app[web.1]: 686b9d50-8128-40cc-b139-a2e5f3faa2e4 START
2022-08-04T01:00:25.609885+00:00 app[web.1]: [{'id': 'gs_YqqWKbDRwrbWYxgmfGTBGpH3', 'name': 'ExpT4', 'latency': '', 'health': 100, 'body': [{'x': 9, 'y': 1}, {'x': 9, 'y': 1}, {'x': 9, 'y': 1}], 'head': {'x': 9, 'y': 1}, 'length': 3, 'shout': '', 'squad': '', 'customizations': {'color': '#888888', 'head': 'default', 'tail': 'default'}}, {'id': 'gs_MTDjgcCmfkTF3JkWYBPtcJtC', 'name': 'Devious Devin', 'latency': '', 'health': 100, 'body': [{'x': 1, 'y': 9}, {'x': 1, 'y': 9}, {'x': 1, 'y': 9}], 'head': {'x': 1, 'y': 9}, 'length': 3, 'shout': '', 'squad': '', 'customizations': {'color': '#99cc00', 'head': 'trans-rights-scarf', 'tail': 'rbc-necktie'}}, {'id': 'gs_SMDtpdhCGTJMT4prHTVh4ch9', 'name': 'Constant Carter', 'latency': '', 'health': 100, 'body': [{'x': 9, 'y': 9}, {'x': 9, 'y': 9}, {'x': 9, 'y': 9}], 'head': {'x': 9, 'y': 9}, 'length': 3, 'shout': '', 'squad': '', 'customizations': {'color': '#aa66cc', 'head': 'trans-rights-scarf', 'tail': 'default'}}]
2022-08-04T01:00:25.610232+00:00 app[web.1]: [['0', '0', '0', '0', '0', '0', '0', '0', '*', '0', '0'], ['0', '0', '0', '0', '0', '0', '0', '0', '0', '&', '0'], ['0', '0', '0', '0', '0', '0', '0', '0', '0', '0', '0'], ['0', '0', '0', '0', '0', '0', '0', '0', '0', '0', '0'], ['0', '0', '0', '0', '0', '0', '0', '0', '0', '0', '0'], ['0', '0', '0', '0', '0', '*', '0', '0', '0', '0', '0'], ['0', '0', '0', '0', '0', '0', '0', '0', '0', '0', '0'], ['0', '0', '0', '0', '0', '0', '0', '0', '0', '0', '0'], ['0', '0', '0', '0', '0', '0', '0', '0', '0', '0', '0'], ['0', '#', '0', '0', '0', '0', '0', '0', '0', '#', '0'], ['0', '0', '*', '0', '0', '0', '0', '0', '*', '0', '0']]
2022-08-04T01:00:25.614030+00:00 app[web.1]: [('up', 97), ('down', 11), ('left', 9), ('right', 1)]
2022-08-04T01:00:25.624083+00:00 app[web.1]: Traceback (most recent call last):
2022-08-04T01:00:25.624086+00:00 app[web.1]: File "/app/.heroku/python/lib/python3.9/site-packages/flask/app.py", line 2091, in __call__
2022-08-04T01:00:25.624086+00:00 app[web.1]: return self.wsgi_app(environ, start_response)
2022-08-04T01:00:25.624086+00:00 app[web.1]: File "/app/.heroku/python/lib/python3.9/site-packages/flask/app.py", line 2076, in wsgi_app
2022-08-04T01:00:25.624087+00:00 app[web.1]: response = self.handle_exception(e)
2022-08-04T01:00:25.624087+00:00 app[web.1]: File "/app/.heroku/python/lib/python3.9/site-packages/flask/app.py", line 2073, in wsgi_app
2022-08-04T01:00:25.624087+00:00 app[web.1]: response = self.full_dispatch_request()
2022-08-04T01:00:25.624088+00:00 app[web.1]: File "/app/.heroku/python/lib/python3.9/site-packages/flask/app.py", line 1518, in full_dispatch_request
2022-08-04T01:00:25.624091+00:00 app[web.1]: rv = self.handle_user_exception(e)
2022-08-04T01:00:25.624092+00:00 app[web.1]: File "/app/.heroku/python/lib/python3.9/site-packages/flask/app.py", line 1516, in full_dispatch_request
2022-08-04T01:00:25.624092+00:00 app[web.1]: rv = self.dispatch_request()
2022-08-04T01:00:25.624093+00:00 app[web.1]: File "/app/.heroku/python/lib/python3.9/site-packages/flask/app.py", line 1502, in dispatch_request
2022-08-04T01:00:25.624093+00:00 app[web.1]: return self.ensure_sync(self.view_functions[rule.endpoint])(**req.view_args)
2022-08-04T01:00:25.624093+00:00 app[web.1]: File "/app/src/main.py", line 45, in handle_move
2022-08-04T01:00:25.624094+00:00 app[web.1]: move = logic.choose_move(data)
2022-08-04T01:00:25.624094+00:00 app[web.1]: File "/app/src/logic.py", line 137, in choose_move
2022-08-04T01:00:25.624095+00:00 app[web.1]: agressive_moves = beAggressive(data['board']['snakes'], my_snake)
2022-08-04T01:00:25.624095+00:00 app[web.1]: File "/app/src/logic.py", line 225, in beAggressive
2022-08-04T01:00:25.624095+00:00 app[web.1]: snake = nearest_food(smaller_snakes(all_snakes, me['length']), me['head'])
2022-08-04T01:00:25.624096+00:00 app[web.1]: File "/app/src/logic.py", line 209, in nearest_food
2022-08-04T01:00:25.624096+00:00 app[web.1]: return food_list[dist.index(min(dist))]
2022-08-04T01:00:25.624096+00:00 app[web.1]: ValueError: min() arg is an empty sequence
2022-08-04T01:00:26.067990+00:00 app[web.1]: [{'id': 'gs_YqqWKbDRwrbWYxgmfGTBGpH3', 'name': 'ExpT4', 'latency': '40', 'health': 99, 'body': [{'x': 9, 'y': 2}, {'x': 9, 'y': 1}, {'x': 9, 'y': 1}], 'head': {'x': 9, 'y': 2}, 'length': 3, 'shout': '', 'squad': '', 'customizations': {'color': '#888888', 'head': 'default', 'tail': 'default'}}, {'id': 'gs_MTDjgcCmfkTF3JkWYBPtcJtC', 'name': 'Devious Devin', 'latency': '415', 'health': 99, 'body': [{'x': 1, 'y': 10}, {'x': 1, 'y': 9}, {'x': 1, 'y': 9}], 'head': {'x': 1, 'y': 10}, 'length': 3, 'shout': '', 'squad': '', 'customizations': {'color': '#99cc00', 'head': 'trans-rights-scarf', 'tail': 'rbc-necktie'}}, {'id': 'gs_SMDtpdhCGTJMT4prHTVh4ch9', 'name': 'Constant Carter', 'latency': '25', 'health': 99, 'body': [{'x': 10, 'y': 9}, {'x': 9, 'y': 9}, {'x': 9, 'y': 9}], 'head': {'x': 10, 'y': 9}, 'length': 3, 'shout': '', 'squad': '', 'customizations': {'color': '#aa66cc', 'head': 'trans-rights-scarf', 'tail': 'default'}}]
2022-08-04T01:00:26.068301+00:00 app[web.1]: [['0', '0', '0', '0', '0', '0', '0', '0', '*', '0', '0'], ['0', '0', '0', '0', '0', '0', '0', '0', '0', '#', '0'], ['0', '0', '0', '0', '0', '0', '0', '0', '0', '&', '0'], ['0', '0', '0', '0', '0', '0', '0', '0', '0', '0', '0'], ['0', '0', '0', '0', '0', '0', '0', '0', '0', '0', '0'], ['0', '0', '0', '0', '0', '*', '0', '0', '0', '0', '0'], ['0', '0', '0', '0', '0', '0', '0', '0', '0', '0', '0'], ['0', '0', '0', '0', '0', '0', '0', '0', '0', '0', '0'], ['0', '0', '0', '0', '0', '0', '0', '0', '0', '0', '0'], ['0', '#', '0', '0', '0', '0', '0', '0', '0', '#', '#'], ['0', '#', '*', '0', '0', '0', '0', '0', '*', '0', '0']]
2022-08-04T01:00:26.075438+00:00 app[web.1]: [('up', 84), ('left', 27), ('right', 4), ('down', 0)]
2022-08-04T01:00:26.088266+00:00 app[web.1]: Traceback (most recent call last):
2022-08-04T01:00:26.088267+00:00 app[web.1]: File "/app/.heroku/python/lib/python3.9/site-packages/flask/app.py", line 2091, in __call__
2022-08-04T01:00:26.088267+00:00 app[web.1]: return self.wsgi_app(environ, start_response)
2022-08-04T01:00:26.088268+00:00 app[web.1]: File "/app/.heroku/python/lib/python3.9/site-packages/flask/app.py", line 2076, in wsgi_app
2022-08-04T01:00:26.088268+00:00 app[web.1]: response = self.handle_exception(e)
2022-08-04T01:00:26.088268+00:00 app[web.1]: File "/app/.heroku/python/lib/python3.9/site-packages/flask/app.py", line 2073, in wsgi_app
2022-08-04T01:00:26.088269+00:00 app[web.1]: response = self.full_dispatch_request()
2022-08-04T01:00:26.088270+00:00 app[web.1]: File "/app/.heroku/python/lib/python3.9/site-packages/flask/app.py", line 1518, in full_dispatch_request
2022-08-04T01:00:26.088270+00:00 app[web.1]: rv = self.handle_user_exception(e)
2022-08-04T01:00:26.088271+00:00 app[web.1]: File "/app/.heroku/python/lib/python3.9/site-packages/flask/app.py", line 1516, in full_dispatch_request
2022-08-04T01:00:26.088271+00:00 app[web.1]: rv = self.dispatch_request()
2022-08-04T01:00:26.088271+00:00 app[web.1]: File "/app/.heroku/python/lib/python3.9/site-packages/flask/app.py", line 1502, in dispatch_request
2022-08-04T01:00:26.088271+00:00 app[web.1]: return self.ensure_sync(self.view_functions[rule.endpoint])(**req.view_args)
2022-08-04T01:00:26.088272+00:00 app[web.1]: File "/app/src/main.py", line 45, in handle_move
2022-08-04T01:00:26.088272+00:00 app[web.1]: move = logic.choose_move(data)
2022-08-04T01:00:26.088273+00:00 app[web.1]: File "/app/src/logic.py", line 137, in choose_move
2022-08-04T01:00:26.088273+00:00 app[web.1]: agressive_moves = beAggressive(data['board']['snakes'], my_snake)
2022-08-04T01:00:26.088273+00:00 app[web.1]: File "/app/src/logic.py", line 225, in beAggressive
2022-08-04T01:00:26.088274+00:00 app[web.1]: snake = nearest_food(smaller_snakes(all_snakes, me['length']), me['head'])
2022-08-04T01:00:26.088274+00:00 app[web.1]: File "/app/src/logic.py", line 209, in nearest_food
2022-08-04T01:00:26.088274+00:00 app[web.1]: return food_list[dist.index(min(dist))]
2022-08-04T01:00:26.088275+00:00 app[web.1]: ValueError: min() arg is an empty sequence
2022-08-04T01:00:26.078531+00:00 heroku[router]: at=info method=POST path="/move" host=battlesnake-summer.herokuapp.com request_id=ed99830a-fd8a-4018-b040-4a42654f714e fwd="143.198.42.44" dyno=web.1 connect=0ms service=23ms status=500 bytes=18221 protocol=https
2022-08-04T01:00:26.574070+00:00 heroku[router]: at=info method=POST path="/move" host=battlesnake-summer.herokuapp.com request_id=d409248f-3843-4090-9159-779440b61c7a fwd="143.198.42.44" dyno=web.1 connect=0ms service=16ms status=500 bytes=18221 protocol=https
2022-08-04T01:00:26.569494+00:00 app[web.1]: [{'id': 'gs_YqqWKbDRwrbWYxgmfGTBGpH3', 'name': 'ExpT4', 'latency': '47', 'health': 98, 'body': [{'x': 9, 'y': 3}, {'x': 9, 'y': 2}, {'x': 9, 'y': 1}], 'head': {'x': 9, 'y': 3}, 'length': 3, 'shout': '', 'squad': '', 'customizations': {'color': '#888888', 'head': 'default', 'tail': 'default'}}, {'id': 'gs_MTDjgcCmfkTF3JkWYBPtcJtC', 'name': 'Devious Devin', 'latency': '474', 'health': 100, 'body': [{'x': 2, 'y': 10}, {'x': 1, 'y': 10}, {'x': 1, 'y': 9}, {'x': 1, 'y': 9}], 'head': {'x': 2, 'y': 10}, 'length': 4, 'shout': '', 'squad': '', 'customizations': {'color': '#99cc00', 'head': 'trans-rights-scarf', 'tail': 'rbc-necktie'}}]
2022-08-04T01:00:26.569696+00:00 app[web.1]: [['0', '0', '0', '0', '0', '0', '0', '0', '*', '0', '0'], ['0', '0', '0', '0', '0', '0', '0', '0', '0', '#', '0'], ['0', '0', '0', '0', '0', '0', '0', '0', '0', '#', '0'], ['0', '0', '0', '0', '0', '0', '0', '0', '0', '&', '0'], ['0', '0', '0', '0', '0', '0', '0', '0', '0', '0', '0'], ['0', '0', '0', '0', '0', '*', '0', '0', '0', '0', '0'], ['0', '0', '0', '0', '0', '0', '0', '0', '0', '0', '0'], ['0', '0', '0', '0', '0', '0', '0', '0', '0', '0', '0'], ['0', '0', '0', '0', '0', '0', '0', '0', '0', '0', '0'], ['0', '#', '0', '0', '0', '0', '0', '0', '0', '0', '0'], ['0', '#', '#', '0', '0', '0', '0', '0', '*', '0', '0']]
2022-08-04T01:00:26.574701+00:00 app[web.1]: [('up', 74), ('left', 36), ('right', 5), ('down', 0)]
2022-08-04T01:00:26.583955+00:00 app[web.1]: Traceback (most recent call last):
2022-08-04T01:00:26.583956+00:00 app[web.1]: File "/app/.heroku/python/lib/python3.9/site-packages/flask/app.py", line 2091, in __call__
2022-08-04T01:00:26.583958+00:00 app[web.1]: return self.wsgi_app(environ, start_response)
2022-08-04T01:00:26.583958+00:00 app[web.1]: File "/app/.heroku/python/lib/python3.9/site-packages/flask/app.py", line 2076, in wsgi_app
2022-08-04T01:00:26.583958+00:00 app[web.1]: response = self.handle_exception(e)
2022-08-04T01:00:26.583959+00:00 app[web.1]: File "/app/.heroku/python/lib/python3.9/site-packages/flask/app.py", line 2073, in wsgi_app
2022-08-04T01:00:26.583959+00:00 app[web.1]: response = self.full_dispatch_request()
2022-08-04T01:00:26.583973+00:00 app[web.1]: File "/app/.heroku/python/lib/python3.9/site-packages/flask/app.py", line 1518, in full_dispatch_request
2022-08-04T01:00:26.583974+00:00 app[web.1]: rv = self.handle_user_exception(e)
2022-08-04T01:00:26.583974+00:00 app[web.1]: File "/app/.heroku/python/lib/python3.9/site-packages/flask/app.py", line 1516, in full_dispatch_request
2022-08-04T01:00:26.583974+00:00 app[web.1]: rv = self.dispatch_request()
2022-08-04T01:00:26.583975+00:00 app[web.1]: File "/app/.heroku/python/lib/python3.9/site-packages/flask/app.py", line 1502, in dispatch_request
2022-08-04T01:00:26.583975+00:00 app[web.1]: return self.ensure_sync(self.view_functions[rule.endpoint])(**req.view_args)
2022-08-04T01:00:26.583975+00:00 app[web.1]: File "/app/src/main.py", line 45, in handle_move
2022-08-04T01:00:26.583976+00:00 app[web.1]: move = logic.choose_move(data)
2022-08-04T01:00:26.583977+00:00 app[web.1]: File "/app/src/logic.py", line 137, in choose_move
2022-08-04T01:00:26.583977+00:00 app[web.1]: agressive_moves = beAggressive(data['board']['snakes'], my_snake)
2022-08-04T01:00:26.583977+00:00 app[web.1]: File "/app/src/logic.py", line 225, in beAggressive
2022-08-04T01:00:26.583978+00:00 app[web.1]: snake = nearest_food(smaller_snakes(all_snakes, me['length']), me['head'])
2022-08-04T01:00:26.583978+00:00 app[web.1]: File "/app/src/logic.py", line 209, in nearest_food
2022-08-04T01:00:26.583979+00:00 app[web.1]: return food_list[dist.index(min(dist))]
2022-08-04T01:00:26.583979+00:00 app[web.1]: ValueError: min() arg is an empty sequence
2022-08-04T01:00:26.967547+00:00 heroku[router]: at=info method=POST path="/move" host=battlesnake-summer.herokuapp.com request_id=5eaf53ea-cfb4-4ce6-9691-0ccc856baec5 fwd="143.198.42.44" dyno=web.1 connect=0ms service=12ms status=500 bytes=18221 protocol=https
2022-08-04T01:00:26.966622+00:00 app[web.1]: [{'id': 'gs_YqqWKbDRwrbWYxgmfGTBGpH3', 'name': 'ExpT4', 'latency': '39', 'health': 97, 'body': [{'x': 9, 'y': 4}, {'x': 9, 'y': 3}, {'x': 9, 'y': 2}], 'head': {'x': 9, 'y': 4}, 'length': 3, 'shout': '', 'squad': '', 'customizations': {'color': '#888888', 'head': 'default', 'tail': 'default'}}, {'id': 'gs_MTDjgcCmfkTF3JkWYBPtcJtC', 'name': 'Devious Devin', 'latency': '428', 'health': 99, 'body': [{'x': 3, 'y': 10}, {'x': 2, 'y': 10}, {'x': 1, 'y': 10}, {'x': 1, 'y': 9}], 'head': {'x': 3, 'y': 10}, 'length': 4, 'shout': '', 'squad': '', 'customizations': {'color': '#99cc00', 'head': 'trans-rights-scarf', 'tail': 'rbc-necktie'}}]
2022-08-04T01:00:26.966869+00:00 app[web.1]: [['0', '0', '0', '0', '0', '0', '0', '0', '*', '0', '0'], ['0', '0', '0', '0', '0', '0', '0', '0', '0', '0', '0'], ['0', '0', '0', '0', '0', '0', '0', '0', '0', '#', '0'], ['0', '0', '0', '0', '0', '0', '0', '0', '0', '#', '0'], ['0', '0', '0', '0', '0', '0', '0', '0', '0', '&', '0'], ['0', '0', '0', '0', '0', '*', '0', '0', '0', '0', '0'], ['0', '0', '0', '0', '0', '0', '0', '0', '0', '0', '0'], ['0', '0', '0', '0', '0', '0', '0', '0', '0', '0', '0'], ['0', '0', '0', '0', '0', '0', '0', '0', '0', '0', '0'], ['0', '#', '0', '0', '0', '0', '0', '0', '0', '0', '0'], ['0', '#', '#', '#', '0', '0', '0', '0', '*', '0', '0']]
2022-08-04T01:00:26.970591+00:00 app[web.1]: [('up', 62), ('left', 45), ('right', 7), ('down', 0)]
2022-08-04T01:00:26.977363+00:00 app[web.1]: Traceback (most recent call last):
2022-08-04T01:00:26.977367+00:00 app[web.1]: File "/app/.heroku/python/lib/python3.9/site-packages/flask/app.py", line 2091, in __call__
2022-08-04T01:00:26.977368+00:00 app[web.1]: return self.wsgi_app(environ, start_response)
2022-08-04T01:00:26.977368+00:00 app[web.1]: File "/app/.heroku/python/lib/python3.9/site-packages/flask/app.py", line 2076, in wsgi_app
2022-08-04T01:00:26.977369+00:00 app[web.1]: response = self.handle_exception(e)
2022-08-04T01:00:26.977369+00:00 app[web.1]: File "/app/.heroku/python/lib/python3.9/site-packages/flask/app.py", line 2073, in wsgi_app
2022-08-04T01:00:26.977369+00:00 app[web.1]: response = self.full_dispatch_request()
2022-08-04T01:00:26.977370+00:00 app[web.1]: File "/app/.heroku/python/lib/python3.9/site-packages/flask/app.py", line 1518, in full_dispatch_request
2022-08-04T01:00:26.977370+00:00 app[web.1]: rv = self.handle_user_exception(e)
2022-08-04T01:00:26.977371+00:00 app[web.1]: File "/app/.heroku/python/lib/python3.9/site-packages/flask/app.py", line 1516, in full_dispatch_request
2022-08-04T01:00:26.977371+00:00 app[web.1]: rv = self.dispatch_request()
2022-08-04T01:00:26.977371+00:00 app[web.1]: File "/app/.heroku/python/lib/python3.9/site-packages/flask/app.py", line 1502, in dispatch_request
2022-08-04T01:00:26.977372+00:00 app[web.1]: return self.ensure_sync(self.view_functions[rule.endpoint])(**req.view_args)
2022-08-04T01:00:26.977372+00:00 app[web.1]: File "/app/src/main.py", line 45, in handle_move
2022-08-04T01:00:26.977372+00:00 app[web.1]: move = logic.choose_move(data)
2022-08-04T01:00:26.977373+00:00 app[web.1]: File "/app/src/logic.py", line 137, in choose_move
2022-08-04T01:00:26.977373+00:00 app[web.1]: agressive_moves = beAggressive(data['board']['snakes'], my_snake)
2022-08-04T01:00:26.977373+00:00 app[web.1]: File "/app/src/logic.py", line 225, in beAggressive
2022-08-04T01:00:26.977374+00:00 app[web.1]: snake = nearest_food(smaller_snakes(all_snakes, me['length']), me['head'])
2022-08-04T01:00:26.977374+00:00 app[web.1]: File "/app/src/logic.py", line 209, in nearest_food
2022-08-04T01:00:26.977375+00:00 app[web.1]: return food_list[dist.index(min(dist))]
2022-08-04T01:00:26.977375+00:00 app[web.1]: ValueError: min() arg is an empty sequence
2022-08-04T01:00:27.441344+00:00 app[web.1]: [{'id': 'gs_YqqWKbDRwrbWYxgmfGTBGpH3', 'name': 'ExpT4', 'latency': '38', 'health': 96, 'body': [{'x': 9, 'y': 5}, {'x': 9, 'y': 4}, {'x': 9, 'y': 3}], 'head': {'x': 9, 'y': 5}, 'length': 3, 'shout': '', 'squad': '', 'customizations': {'color': '#888888', 'head': 'default', 'tail': 'default'}}, {'id': 'gs_MTDjgcCmfkTF3JkWYBPtcJtC', 'name': 'Devious Devin', 'latency': '432', 'health': 98, 'body': [{'x': 4, 'y': 10}, {'x': 3, 'y': 10}, {'x': 2, 'y': 10}, {'x': 1, 'y': 10}], 'head': {'x': 4, 'y': 10}, 'length': 4, 'shout': '', 'squad': '', 'customizations': {'color': '#99cc00', 'head': 'trans-rights-scarf', 'tail': 'rbc-necktie'}}]
2022-08-04T01:00:27.441539+00:00 app[web.1]: [['0', '0', '0', '0', '0', '0', '0', '0', '*', '0', '0'], ['0', '0', '0', '0', '0', '0', '0', '0', '0', '0', '0'], ['0', '0', '0', '0', '0', '0', '0', '0', '0', '0', '0'], ['0', '0', '0', '0', '0', '0', '0', '0', '0', '#', '0'], ['0', '0', '0', '0', '0', '0', '0', '0', '0', '#', '0'], ['0', '0', '0', '0', '0', '*', '0', '0', '0', '&', '0'], ['0', '0', '0', '0', '0', '0', '0', '0', '0', '0', '0'], ['0', '0', '0', '0', '0', '0', '0', '0', '0', '0', '0'], ['0', '0', '0', '0', '0', '0', '0', '0', '0', '0', '0'], ['0', '0', '0', '0', '0', '0', '0', '0', '0', '0', '0'], ['0', '#', '#', '#', '#', '0', '0', '0', '*', '0', '0']]
2022-08-04T01:00:27.444502+00:00 app[web.1]: [('left', 54), ('up', 51), ('right', 9), ('down', 0)]
2022-08-04T01:00:27.449702+00:00 app[web.1]: Traceback (most recent call last):
2022-08-04T01:00:27.449703+00:00 app[web.1]: File "/app/.heroku/python/lib/python3.9/site-packages/flask/app.py", line 2091, in __call__
2022-08-04T01:00:27.449703+00:00 app[web.1]: return self.wsgi_app(environ, start_response)
2022-08-04T01:00:27.449704+00:00 app[web.1]: File "/app/.heroku/python/lib/python3.9/site-packages/flask/app.py", line 2076, in wsgi_app
2022-08-04T01:00:27.449704+00:00 app[web.1]: response = self.handle_exception(e)
2022-08-04T01:00:27.449704+00:00 app[web.1]: File "/app/.heroku/python/lib/python3.9/site-packages/flask/app.py", line 2073, in wsgi_app
2022-08-04T01:00:27.449705+00:00 app[web.1]: response = self.full_dispatch_request()
2022-08-04T01:00:27.449705+00:00 app[web.1]: File "/app/.heroku/python/lib/python3.9/site-packages/flask/app.py", line 1518, in full_dispatch_request
2022-08-04T01:00:27.449706+00:00 app[web.1]: rv = self.handle_user_exception(e)
2022-08-04T01:00:27.449706+00:00 app[web.1]: File "/app/.heroku/python/lib/python3.9/site-packages/flask/app.py", line 1516, in full_dispatch_request
2022-08-04T01:00:27.449706+00:00 app[web.1]: rv = self.dispatch_request()
2022-08-04T01:00:27.449706+00:00 app[web.1]: File "/app/.heroku/python/lib/python3.9/site-packages/flask/app.py", line 1502, in dispatch_request
2022-08-04T01:00:27.449707+00:00 app[web.1]: return self.ensure_sync(self.view_functions[rule.endpoint])(**req.view_args)
2022-08-04T01:00:27.449707+00:00 app[web.1]: File "/app/src/main.py", line 45, in handle_move
2022-08-04T01:00:27.449707+00:00 app[web.1]: move = logic.choose_move(data)
2022-08-04T01:00:27.449708+00:00 app[web.1]: File "/app/src/logic.py", line 137, in choose_move
2022-08-04T01:00:27.449708+00:00 app[web.1]: agressive_moves = beAggressive(data['board']['snakes'], my_snake)
2022-08-04T01:00:27.449709+00:00 app[web.1]: File "/app/src/logic.py", line 225, in beAggressive
2022-08-04T01:00:27.449709+00:00 app[web.1]: snake = nearest_food(smaller_snakes(all_snakes, me['length']), me['head'])
2022-08-04T01:00:27.449709+00:00 app[web.1]: File "/app/src/logic.py", line 209, in nearest_food
2022-08-04T01:00:27.449710+00:00 app[web.1]: return food_list[dist.index(min(dist))]
2022-08-04T01:00:27.449710+00:00 app[web.1]: ValueError: min() arg is an empty sequence
2022-08-04T01:00:27.439847+00:00 heroku[router]: at=info method=POST path="/move" host=battlesnake-summer.herokuapp.com request_id=72222756-c2b1-4ada-a60d-59b9e0e40c8a fwd="143.198.42.44" dyno=web.1 connect=0ms service=10ms status=500 bytes=18221 protocol=https
2022-08-04T01:00:27.841053+00:00 app[web.1]: [{'id': 'gs_YqqWKbDRwrbWYxgmfGTBGpH3', 'name': 'ExpT4', 'latency': '33', 'health': 95, 'body': [{'x': 9, 'y': 6}, {'x': 9, 'y': 5}, {'x': 9, 'y': 4}], 'head': {'x': 9, 'y': 6}, 'length': 3, 'shout': '', 'squad': '', 'customizations': {'color': '#888888', 'head': 'default', 'tail': 'default'}}, {'id': 'gs_MTDjgcCmfkTF3JkWYBPtcJtC', 'name': 'Devious Devin', 'latency': '413', 'health': 97, 'body': [{'x': 4, 'y': 9}, {'x': 4, 'y': 10}, {'x': 3, 'y': 10}, {'x': 2, 'y': 10}], 'head': {'x': 4, 'y': 9}, 'length': 4, 'shout': '', 'squad': '', 'customizations': {'color': '#99cc00', 'head': 'trans-rights-scarf', 'tail': 'rbc-necktie'}}]
2022-08-04T01:00:27.841215+00:00 app[web.1]: [['0', '0', '0', '0', '0', '0', '0', '0', '*', '0', '0'], ['0', '0', '0', '0', '0', '0', '0', '0', '0', '0', '0'], ['0', '0', '0', '0', '0', '0', '0', '0', '0', '0', '0'], ['0', '0', '0', '0', '0', '0', '0', '0', '0', '0', '0'], ['0', '0', '0', '0', '0', '0', '0', '0', '0', '#', '0'], ['0', '0', '0', '0', '0', '*', '0', '0', '0', '#', '0'], ['0', '0', '0', '0', '0', '0', '0', '0', '0', '&', '0'], ['0', '0', '0', '0', '0', '0', '0', '0', '0', '0', '0'], ['0', '0', '0', '0', '0', '0', '0', '0', '0', '0', '0'], ['0', '0', '0', '0', '#', '0', '0', '0', '0', '0', '0'], ['0', '0', '#', '#', '#', '0', '0', '0', '*', '0', '0']]
2022-08-04T01:00:27.844158+00:00 app[web.1]: [('left', 63), ('up', 40), ('right', 11), ('down', 0)]
2022-08-04T01:00:27.849349+00:00 app[web.1]: Traceback (most recent call last):
2022-08-04T01:00:27.849350+00:00 app[web.1]: File "/app/.heroku/python/lib/python3.9/site-packages/flask/app.py", line 2091, in __call__
2022-08-04T01:00:27.849350+00:00 app[web.1]: return self.wsgi_app(environ, start_response)
2022-08-04T01:00:27.849350+00:00 app[web.1]: File "/app/.heroku/python/lib/python3.9/site-packages/flask/app.py", line 2076, in wsgi_app
2022-08-04T01:00:27.849351+00:00 app[web.1]: response = self.handle_exception(e)
2022-08-04T01:00:27.849351+00:00 app[web.1]: File "/app/.heroku/python/lib/python3.9/site-packages/flask/app.py", line 2073, in wsgi_app
2022-08-04T01:00:27.849351+00:00 app[web.1]: response = self.full_dispatch_request()
2022-08-04T01:00:27.849352+00:00 app[web.1]: File "/app/.heroku/python/lib/python3.9/site-packages/flask/app.py", line 1518, in full_dispatch_request
2022-08-04T01:00:27.849352+00:00 app[web.1]: rv = self.handle_user_exception(e)
2022-08-04T01:00:27.849352+00:00 app[web.1]: File "/app/.heroku/python/lib/python3.9/site-packages/flask/app.py", line 1516, in full_dispatch_request
2022-08-04T01:00:27.849352+00:00 app[web.1]: rv = self.dispatch_request()
2022-08-04T01:00:27.849353+00:00 app[web.1]: File "/app/.heroku/python/lib/python3.9/site-packages/flask/app.py", line 1502, in dispatch_request
2022-08-04T01:00:27.849353+00:00 app[web.1]: return self.ensure_sync(self.view_functions[rule.endpoint])(**req.view_args)
2022-08-04T01:00:27.849353+00:00 app[web.1]: File "/app/src/main.py", line 45, in handle_move
2022-08-04T01:00:27.849354+00:00 app[web.1]: move = logic.choose_move(data)
2022-08-04T01:00:27.849354+00:00 app[web.1]: File "/app/src/logic.py", line 137, in choose_move
2022-08-04T01:00:27.849356+00:00 app[web.1]: agressive_moves = beAggressive(data['board']['snakes'], my_snake)
2022-08-04T01:00:27.849356+00:00 app[web.1]: File "/app/src/logic.py", line 225, in beAggressive
2022-08-04T01:00:27.849356+00:00 app[web.1]: snake = nearest_food(smaller_snakes(all_snakes, me['length']), me['head'])
2022-08-04T01:00:27.849357+00:00 app[web.1]: File "/app/src/logic.py", line 209, in nearest_food
2022-08-04T01:00:27.849357+00:00 app[web.1]: return food_list[dist.index(min(dist))]
2022-08-04T01:00:27.849357+00:00 app[web.1]: ValueError: min() arg is an empty sequence
2022-08-04T01:00:27.839478+00:00 heroku[router]: at=info method=POST path="/move" host=battlesnake-summer.herokuapp.com request_id=ae8a3e85-d748-4081-b857-7806ef5aad6a fwd="143.198.42.44" dyno=web.1 connect=0ms service=10ms status=500 bytes=18221 protocol=https
2022-08-04T01:00:28.304565+00:00 heroku[router]: at=info method=POST path="/move" host=battlesnake-summer.herokuapp.com request_id=01333770-fe7e-40f0-a1ea-2555755003fb fwd="143.198.42.44" dyno=web.1 connect=0ms service=12ms status=500 bytes=18221 protocol=https
2022-08-04T01:00:28.304462+00:00 app[web.1]: [{'id': 'gs_YqqWKbDRwrbWYxgmfGTBGpH3', 'name': 'ExpT4', 'latency': '32', 'health': 94, 'body': [{'x': 9, 'y': 7}, {'x': 9, 'y': 6}, {'x': 9, 'y': 5}], 'head': {'x': 9, 'y': 7}, 'length': 3, 'shout': '', 'squad': '', 'customizations': {'color': '#888888', 'head': 'default', 'tail': 'default'}}, {'id': 'gs_MTDjgcCmfkTF3JkWYBPtcJtC', 'name': 'Devious Devin', 'latency': '420', 'health': 96, 'body': [{'x': 4, 'y': 8}, {'x': 4, 'y': 9}, {'x': 4, 'y': 10}, {'x': 3, 'y': 10}], 'head': {'x': 4, 'y': 8}, 'length': 4, 'shout': '', 'squad': '', 'customizations': {'color': '#99cc00', 'head': 'trans-rights-scarf', 'tail': 'rbc-necktie'}}]
2022-08-04T01:00:28.305748+00:00 app[web.1]: [['0', '0', '0', '0', '0', '0', '0', '0', '*', '0', '0'], ['0', '0', '0', '0', '0', '0', '0', '0', '0', '0', '0'], ['0', '0', '0', '0', '0', '0', '0', '0', '0', '0', '0'], ['0', '0', '0', '0', '0', '0', '0', '0', '0', '0', '0'], ['0', '0', '0', '0', '0', '0', '0', '0', '0', '0', '0'], ['0', '0', '0', '0', '0', '*', '0', '0', '0', '#', '0'], ['0', '0', '0', '0', '0', '0', '0', '0', '0', '#', '0'], ['0', '0', '0', '0', '0', '0', '0', '0', '0', '&', '0'], ['0', '0', '0', '0', '#', '0', '0', '0', '0', '0', '0'], ['0', '0', '0', '0', '#', '0', '0', '0', '0', '0', '0'], ['0', '0', '0', '#', '#', '0', '0', '0', '*', '0', '0']]
2022-08-04T01:00:28.308685+00:00 app[web.1]: [('left', 83), ('up', 18), ('right', 13), ('down', 0)]
2022-08-04T01:00:28.314230+00:00 app[web.1]: Traceback (most recent call last):
2022-08-04T01:00:28.314231+00:00 app[web.1]: File "/app/.heroku/python/lib/python3.9/site-packages/flask/app.py", line 2091, in __call__
2022-08-04T01:00:28.314232+00:00 app[web.1]: return self.wsgi_app(environ, start_response)
2022-08-04T01:00:28.314232+00:00 app[web.1]: File "/app/.heroku/python/lib/python3.9/site-packages/flask/app.py", line 2076, in wsgi_app
2022-08-04T01:00:28.314233+00:00 app[web.1]: response = self.handle_exception(e)
2022-08-04T01:00:28.314233+00:00 app[web.1]: File "/app/.heroku/python/lib/python3.9/site-packages/flask/app.py", line 2073, in wsgi_app
2022-08-04T01:00:28.314234+00:00 app[web.1]: response = self.full_dispatch_request()
2022-08-04T01:00:28.314234+00:00 app[web.1]: File "/app/.heroku/python/lib/python3.9/site-packages/flask/app.py", line 1518, in full_dispatch_request
2022-08-04T01:00:28.314234+00:00 app[web.1]: rv = self.handle_user_exception(e)
2022-08-04T01:00:28.314235+00:00 app[web.1]: File "/app/.heroku/python/lib/python3.9/site-packages/flask/app.py", line 1516, in full_dispatch_request
2022-08-04T01:00:28.314235+00:00 app[web.1]: rv = self.dispatch_request()
2022-08-04T01:00:28.314236+00:00 app[web.1]: File "/app/.heroku/python/lib/python3.9/site-packages/flask/app.py", line 1502, in dispatch_request
2022-08-04T01:00:28.314236+00:00 app[web.1]: return self.ensure_sync(self.view_functions[rule.endpoint])(**req.view_args)
2022-08-04T01:00:28.314236+00:00 app[web.1]: File "/app/src/main.py", line 45, in handle_move
2022-08-04T01:00:28.314237+00:00 app[web.1]: move = logic.choose_move(data)
2022-08-04T01:00:28.314237+00:00 app[web.1]: File "/app/src/logic.py", line 137, in choose_move
2022-08-04T01:00:28.314238+00:00 app[web.1]: agressive_moves = beAggressive(data['board']['snakes'], my_snake)
2022-08-04T01:00:28.314238+00:00 app[web.1]: File "/app/src/logic.py", line 225, in beAggressive
2022-08-04T01:00:28.314238+00:00 app[web.1]: snake = nearest_food(smaller_snakes(all_snakes, me['length']), me['head'])
2022-08-04T01:00:28.314238+00:00 app[web.1]: File "/app/src/logic.py", line 209, in nearest_food
2022-08-04T01:00:28.314239+00:00 app[web.1]: return food_list[dist.index(min(dist))]
2022-08-04T01:00:28.314239+00:00 app[web.1]: ValueError: min() arg is an empty sequence
2022-08-04T01:00:28.744409+00:00 heroku[router]: at=info method=POST path="/move" host=battlesnake-summer.herokuapp.com request_id=fc2f9cf2-2a30-4bb1-8c0e-957b4eb46e24 fwd="143.198.42.44" dyno=web.1 connect=0ms service=10ms status=500 bytes=18221 protocol=https
2022-08-04T01:00:28.745805+00:00 app[web.1]: [{'id': 'gs_YqqWKbDRwrbWYxgmfGTBGpH3', 'name': 'ExpT4', 'latency': '34', 'health': 93, 'body': [{'x': 9, 'y': 8}, {'x': 9, 'y': 7}, {'x': 9, 'y': 6}], 'head': {'x': 9, 'y': 8}, 'length': 3, 'shout': '', 'squad': '', 'customizations': {'color': '#888888', 'head': 'default', 'tail': 'default'}}, {'id': 'gs_MTDjgcCmfkTF3JkWYBPtcJtC', 'name': 'Devious Devin', 'latency': '422', 'health': 95, 'body': [{'x': 4, 'y': 7}, {'x': 4, 'y': 8}, {'x': 4, 'y': 9}, {'x': 4, 'y': 10}], 'head': {'x': 4, 'y': 7}, 'length': 4, 'shout': '', 'squad': '', 'customizations': {'color': '#99cc00', 'head': 'trans-rights-scarf', 'tail': 'rbc-necktie'}}]
2022-08-04T01:00:28.745967+00:00 app[web.1]: [['0', '0', '0', '0', '0', '0', '0', '0', '*', '0', '0'], ['0', '0', '0', '0', '0', '0', '0', '0', '0', '0', '0'], ['0', '0', '0', '0', '0', '0', '0', '0', '0', '0', '0'], ['0', '0', '0', '0', '0', '0', '0', '0', '0', '0', '0'], ['0', '0', '0', '0', '0', '0', '0', '0', '0', '0', '0'], ['0', '0', '0', '0', '0', '*', '0', '0', '0', '0', '0'], ['0', '0', '0', '0', '0', '0', '0', '0', '0', '#', '0'], ['0', '0', '0', '0', '#', '0', '0', '0', '0', '#', '0'], ['0', '0', '0', '0', '#', '0', '0', '0', '0', '&', '0'], ['0', '0', '0', '0', '#', '0', '0', '0', '0', '0', '0'], ['0', '0', '0', '0', '#', '0', '0', '0', '*', '0', '0']]
2022-08-04T01:00:28.748912+00:00 app[web.1]: [('left', 87), ('right', 15), ('up', 12), ('down', 0)]
2022-08-04T01:00:28.754248+00:00 app[web.1]: Traceback (most recent call last):
2022-08-04T01:00:28.754250+00:00 app[web.1]: File "/app/.heroku/python/lib/python3.9/site-packages/flask/app.py", line 2091, in __call__
2022-08-04T01:00:28.754250+00:00 app[web.1]: return self.wsgi_app(environ, start_response)
2022-08-04T01:00:28.754250+00:00 app[web.1]: File "/app/.heroku/python/lib/python3.9/site-packages/flask/app.py", line 2076, in wsgi_app
2022-08-04T01:00:28.754251+00:00 app[web.1]: response = self.handle_exception(e)
2022-08-04T01:00:28.754251+00:00 app[web.1]: File "/app/.heroku/python/lib/python3.9/site-packages/flask/app.py", line 2073, in wsgi_app
2022-08-04T01:00:28.754252+00:00 app[web.1]: response = self.full_dispatch_request()
2022-08-04T01:00:28.754252+00:00 app[web.1]: File "/app/.heroku/python/lib/python3.9/site-packages/flask/app.py", line 1518, in full_dispatch_request
2022-08-04T01:00:28.754253+00:00 app[web.1]: rv = self.handle_user_exception(e)
2022-08-04T01:00:28.754253+00:00 app[web.1]: File "/app/.heroku/python/lib/python3.9/site-packages/flask/app.py", line 1516, in full_dispatch_request
2022-08-04T01:00:28.754253+00:00 app[web.1]: rv = self.dispatch_request()
2022-08-04T01:00:28.754254+00:00 app[web.1]: File "/app/.heroku/python/lib/python3.9/site-packages/flask/app.py", line 1502, in dispatch_request
2022-08-04T01:00:28.754254+00:00 app[web.1]: return self.ensure_sync(self.view_functions[rule.endpoint])(**req.view_args)
2022-08-04T01:00:28.754254+00:00 app[web.1]: File "/app/src/main.py", line 45, in handle_move
2022-08-04T01:00:28.754254+00:00 app[web.1]: move = logic.choose_move(data)
2022-08-04T01:00:28.754255+00:00 app[web.1]: File "/app/src/logic.py", line 137, in choose_move
2022-08-04T01:00:28.754255+00:00 app[web.1]: agressive_moves = beAggressive(data['board']['snakes'], my_snake)
2022-08-04T01:00:28.754255+00:00 app[web.1]: File "/app/src/logic.py", line 225, in beAggressive
2022-08-04T01:00:28.754256+00:00 app[web.1]: snake = nearest_food(smaller_snakes(all_snakes, me['length']), me['head'])
2022-08-04T01:00:28.754256+00:00 app[web.1]: File "/app/src/logic.py", line 209, in nearest_food
2022-08-04T01:00:28.754256+00:00 app[web.1]: return food_list[dist.index(min(dist))]
2022-08-04T01:00:28.754256+00:00 app[web.1]: ValueError: min() arg is an empty sequence
2022-08-04T01:00:29.163990+00:00 heroku[router]: at=info method=POST path="/move" host=battlesnake-summer.herokuapp.com request_id=1bf4aa17-78f1-4d8d-9e52-2fa8a94fae60 fwd="143.198.42.44" dyno=web.1 connect=0ms service=11ms status=500 bytes=18221 protocol=https
2022-08-04T01:00:29.164094+00:00 app[web.1]: [{'id': 'gs_YqqWKbDRwrbWYxgmfGTBGpH3', 'name': 'ExpT4', 'latency': '33', 'health': 92, 'body': [{'x': 9, 'y': 9}, {'x': 9, 'y': 8}, {'x': 9, 'y': 7}], 'head': {'x': 9, 'y': 9}, 'length': 3, 'shout': '', 'squad': '', 'customizations': {'color': '#888888', 'head': 'default', 'tail': 'default'}}, {'id': 'gs_MTDjgcCmfkTF3JkWYBPtcJtC', 'name': 'Devious Devin', 'latency': '414', 'health': 94, 'body': [{'x': 4, 'y': 6}, {'x': 4, 'y': 7}, {'x': 4, 'y': 8}, {'x': 4, 'y': 9}], 'head': {'x': 4, 'y': 6}, 'length': 4, 'shout': '', 'squad': '', 'customizations': {'color': '#99cc00', 'head': 'trans-rights-scarf', 'tail': 'rbc-necktie'}}]
2022-08-04T01:00:29.164253+00:00 app[web.1]: [['0', '0', '0', '0', '0', '0', '0', '0', '*', '0', '0'], ['0', '0', '0', '0', '0', '0', '0', '0', '0', '0', '0'], ['0', '0', '0', '0', '0', '0', '0', '0', '0', '0', '0'], ['0', '0', '0', '0', '0', '*', '0', '0', '0', '0', '0'], ['0', '0', '0', '0', '0', '0', '0', '0', '0', '0', '0'], ['0', '0', '0', '0', '0', '*', '0', '0', '0', '0', '0'], ['0', '0', '0', '0', '#', '0', '0', '0', '0', '0', '0'], ['0', '0', '0', '0', '#', '0', '0', '0', '0', '#', '0'], ['0', '0', '0', '0', '#', '0', '0', '0', '0', '#', '0'], ['0', '0', '0', '0', '#', '0', '0', '0', '0', '&', '0'], ['0', '0', '0', '0', '0', '0', '0', '0', '*', '0', '0']]
2022-08-04T01:00:29.167155+00:00 app[web.1]: [('left', 70), ('up', 27), ('right', 17), ('down', 0)]
2022-08-04T01:00:29.173792+00:00 app[web.1]: Traceback (most recent call last):
2022-08-04T01:00:29.173794+00:00 app[web.1]: File "/app/.heroku/python/lib/python3.9/site-packages/flask/app.py", line 2091, in __call__
2022-08-04T01:00:29.173795+00:00 app[web.1]: return self.wsgi_app(environ, start_response)
2022-08-04T01:00:29.173795+00:00 app[web.1]: File "/app/.heroku/python/lib/python3.9/site-packages/flask/app.py", line 2076, in wsgi_app
2022-08-04T01:00:29.173796+00:00 app[web.1]: response = self.handle_exception(e)
2022-08-04T01:00:29.173796+00:00 app[web.1]: File "/app/.heroku/python/lib/python3.9/site-packages/flask/app.py", line 2073, in wsgi_app
2022-08-04T01:00:29.173796+00:00 app[web.1]: response = self.full_dispatch_request()
2022-08-04T01:00:29.173797+00:00 app[web.1]: File "/app/.heroku/python/lib/python3.9/site-packages/flask/app.py", line 1518, in full_dispatch_request
2022-08-04T01:00:29.173798+00:00 app[web.1]: rv = self.handle_user_exception(e)
2022-08-04T01:00:29.173798+00:00 app[web.1]: File "/app/.heroku/python/lib/python3.9/site-packages/flask/app.py", line 1516, in full_dispatch_request
2022-08-04T01:00:29.173798+00:00 app[web.1]: rv = self.dispatch_request()
2022-08-04T01:00:29.173799+00:00 app[web.1]: File "/app/.heroku/python/lib/python3.9/site-packages/flask/app.py", line 1502, in dispatch_request
2022-08-04T01:00:29.173799+00:00 app[web.1]: return self.ensure_sync(self.view_functions[rule.endpoint])(**req.view_args)
2022-08-04T01:00:29.173799+00:00 app[web.1]: File "/app/src/main.py", line 45, in handle_move
2022-08-04T01:00:29.173800+00:00 app[web.1]: move = logic.choose_move(data)
2022-08-04T01:00:29.173800+00:00 app[web.1]: File "/app/src/logic.py", line 137, in choose_move
2022-08-04T01:00:29.173800+00:00 app[web.1]: agressive_moves = beAggressive(data['board']['snakes'], my_snake)
2022-08-04T01:00:29.173801+00:00 app[web.1]: File "/app/src/logic.py", line 225, in beAggressive
2022-08-04T01:00:29.173801+00:00 app[web.1]: snake = nearest_food(smaller_snakes(all_snakes, me['length']), me['head'])
2022-08-04T01:00:29.173801+00:00 app[web.1]: File "/app/src/logic.py", line 209, in nearest_food
2022-08-04T01:00:29.173802+00:00 app[web.1]: return food_list[dist.index(min(dist))]
2022-08-04T01:00:29.173802+00:00 app[web.1]: ValueError: min() arg is an empty sequence
2022-08-04T01:00:29.572900+00:00 heroku[router]: at=info method=POST path="/move" host=battlesnake-summer.herokuapp.com request_id=6065b1ff-5b63-4b3f-818e-fcc459f7390a fwd="143.198.42.44" dyno=web.1 connect=0ms service=10ms status=500 bytes=18221 protocol=https
2022-08-04T01:00:29.573695+00:00 app[web.1]: [{'id': 'gs_YqqWKbDRwrbWYxgmfGTBGpH3', 'name': 'ExpT4', 'latency': '34', 'health': 91, 'body': [{'x': 9, 'y': 10}, {'x': 9, 'y': 9}, {'x': 9, 'y': 8}], 'head': {'x': 9, 'y': 10}, 'length': 3, 'shout': '', 'squad': '', 'customizations': {'color': '#888888', 'head': 'default', 'tail': 'default'}}, {'id': 'gs_MTDjgcCmfkTF3JkWYBPtcJtC', 'name': 'Devious Devin', 'latency': '417', 'health': 93, 'body': [{'x': 5, 'y': 6}, {'x': 4, 'y': 6}, {'x': 4, 'y': 7}, {'x': 4, 'y': 8}], 'head': {'x': 5, 'y': 6}, 'length': 4, 'shout': '', 'squad': '', 'customizations': {'color': '#99cc00', 'head': 'trans-rights-scarf', 'tail': 'rbc-necktie'}}]
2022-08-04T01:00:29.573934+00:00 app[web.1]: [['0', '0', '0', '0', '0', '0', '0', '0', '*', '0', '0'], ['0', '0', '0', '0', '0', '0', '0', '0', '0', '0', '0'], ['0', '0', '0', '0', '0', '0', '0', '0', '0', '0', '0'], ['0', '0', '0', '0', '0', '*', '0', '0', '0', '0', '0'], ['0', '0', '0', '0', '0', '0', '0', '0', '0', '0', '0'], ['0', '0', '0', '0', '0', '*', '0', '0', '0', '0', '0'], ['0', '0', '0', '0', '#', '#', '0', '0', '0', '0', '0'], ['0', '0', '0', '0', '#', '0', '0', '0', '0', '0', '0'], ['0', '0', '0', '0', '#', '0', '0', '0', '0', '#', '0'], ['0', '0', '0', '0', '0', '0', '0', '0', '0', '#', '0'], ['0', '0', '0', '0', '0', '0', '0', '0', '*', '&', '0']]
2022-08-04T01:00:29.577263+00:00 app[web.1]: [('left', 95), ('right', 19), ('up', 0), ('down', 0)]
2022-08-04T01:00:29.582764+00:00 app[web.1]: Traceback (most recent call last):
2022-08-04T01:00:29.582765+00:00 app[web.1]: File "/app/.heroku/python/lib/python3.9/site-packages/flask/app.py", line 2091, in __call__
2022-08-04T01:00:29.582766+00:00 app[web.1]: return self.wsgi_app(environ, start_response)
2022-08-04T01:00:29.582766+00:00 app[web.1]: File "/app/.heroku/python/lib/python3.9/site-packages/flask/app.py", line 2076, in wsgi_app
2022-08-04T01:00:29.582767+00:00 app[web.1]: response = self.handle_exception(e)
2022-08-04T01:00:29.582767+00:00 app[web.1]: File "/app/.heroku/python/lib/python3.9/site-packages/flask/app.py", line 2073, in wsgi_app
2022-08-04T01:00:29.582767+00:00 app[web.1]: response = self.full_dispatch_request()
2022-08-04T01:00:29.582768+00:00 app[web.1]: File "/app/.heroku/python/lib/python3.9/site-packages/flask/app.py", line 1518, in full_dispatch_request
2022-08-04T01:00:29.582768+00:00 app[web.1]: rv = self.handle_user_exception(e)
2022-08-04T01:00:29.582768+00:00 app[web.1]: File "/app/.heroku/python/lib/python3.9/site-packages/flask/app.py", line 1516, in full_dispatch_request
2022-08-04T01:00:29.582768+00:00 app[web.1]: rv = self.dispatch_request()
2022-08-04T01:00:29.582769+00:00 app[web.1]: File "/app/.heroku/python/lib/python3.9/site-packages/flask/app.py", line 1502, in dispatch_request
2022-08-04T01:00:29.582769+00:00 app[web.1]: return self.ensure_sync(self.view_functions[rule.endpoint])(**req.view_args)
2022-08-04T01:00:29.582769+00:00 app[web.1]: File "/app/src/main.py", line 45, in handle_move
2022-08-04T01:00:29.582769+00:00 app[web.1]: move = logic.choose_move(data)
2022-08-04T01:00:29.582770+00:00 app[web.1]: File "/app/src/logic.py", line 137, in choose_move
2022-08-04T01:00:29.582770+00:00 app[web.1]: agressive_moves = beAggressive(data['board']['snakes'], my_snake)
2022-08-04T01:00:29.582770+00:00 app[web.1]: File "/app/src/logic.py", line 225, in beAggressive
2022-08-04T01:00:29.582770+00:00 app[web.1]: snake = nearest_food(smaller_snakes(all_snakes, me['length']), me['head'])
2022-08-04T01:00:29.582771+00:00 app[web.1]: File "/app/src/logic.py", line 209, in nearest_food
2022-08-04T01:00:29.582771+00:00 app[web.1]: return food_list[dist.index(min(dist))]
2022-08-04T01:00:29.582771+00:00 app[web.1]: ValueError: min() arg is an empty sequence
2022-08-04T01:00:30.020632+00:00 heroku[router]: at=info method=POST path="/end" host=battlesnake-summer.herokuapp.com request_id=c91a3127-b470-4999-b288-e1052ebcb864 fwd="143.198.42.44" dyno=web.1 connect=0ms service=1ms status=200 bytes=223 protocol=https
2022-08-04T01:00:30.030349+00:00 app[web.1]: 686b9d50-8128-40cc-b139-a2e5f3faa2e4 END
